{"meta": {"format": 2, "version": "7.4.4", "timestamp": "2024-04-01T10:43:20.057463", "branch_coverage": false, "show_contexts": false}, "files": {"dbconecao.py": {"executed_lines": [1, 3, 4, 5, 6, 7, 9, 10, 11, 12, 13, 14, 20, 21, 23, 24, 25, 26, 27, 28, 30, 31, 32, 33, 34, 35, 36, 37, 38, 42, 43, 44, 45, 47, 48, 49, 50, 54, 55, 56, 57, 59, 62, 63, 66, 67, 70, 73], "summary": {"covered_lines": 48, "num_statements": 52, "percent_covered": 92.3076923076923, "percent_covered_display": "92", "missing_lines": 4, "excluded_lines": 0}, "missing_lines": [39, 40, 51, 52], "excluded_lines": []}, "main.py": {"executed_lines": [1, 3, 4, 7, 10, 12, 13, 14, 15, 16, 17, 19, 21, 22, 23, 24, 26, 27, 28, 29, 31, 33, 34, 35, 37, 38, 39, 42, 44, 45, 47, 48], "summary": {"covered_lines": 32, "num_statements": 32, "percent_covered": 100.0, "percent_covered_display": "100", "missing_lines": 0, "excluded_lines": 0}, "missing_lines": [], "excluded_lines": []}}, "totals": {"covered_lines": 80, "num_statements": 84, "percent_covered": 95.23809523809524, "percent_covered_display": "95", "missing_lines": 4, "excluded_lines": 0}}